Performing C SOURCE FILE Test CMAKE_HAVE_LIBC_PTHREAD failed with the following output:
Change Dir: /home/abel/Escritorio/Dining/Dijkstra/build/CMakeFiles/CMakeTmp

Run Build Command(s):/usr/bin/make cmTC_50e8b/fast && /usr/bin/make  -f CMakeFiles/cmTC_50e8b.dir/build.make CMakeFiles/cmTC_50e8b.dir/build
make[1]: se entra en el directorio '/home/abel/Escritorio/Dining/Dijkstra/build/CMakeFiles/CMakeTmp'
Building C object CMakeFiles/cmTC_50e8b.dir/src.c.o
/usr/bin/cc   -DCMAKE_HAVE_LIBC_PTHREAD   -o CMakeFiles/cmTC_50e8b.dir/src.c.o   -c /home/abel/Escritorio/Dining/Dijkstra/build/CMakeFiles/CMakeTmp/src.c
Linking C executable cmTC_50e8b
/snap/cmake/372/bin/cmake -E cmake_link_script CMakeFiles/cmTC_50e8b.dir/link.txt --verbose=1
/usr/bin/cc  -DCMAKE_HAVE_LIBC_PTHREAD    CMakeFiles/cmTC_50e8b.dir/src.c.o  -o cmTC_50e8b 
/usr/bin/ld: CMakeFiles/cmTC_50e8b.dir/src.c.o: en la función `main':
src.c:(.text+0x46): referencia a `pthread_create' sin definir
/usr/bin/ld: src.c:(.text+0x52): referencia a `pthread_detach' sin definir
/usr/bin/ld: src.c:(.text+0x5e): referencia a `pthread_cancel' sin definir
/usr/bin/ld: src.c:(.text+0x6f): referencia a `pthread_join' sin definir
collect2: error: ld returned 1 exit status
make[1]: *** [CMakeFiles/cmTC_50e8b.dir/build.make:107: cmTC_50e8b] Error 1
make[1]: se sale del directorio '/home/abel/Escritorio/Dining/Dijkstra/build/CMakeFiles/CMakeTmp'
make: *** [Makefile:141: cmTC_50e8b/fast] Error 2


Source file was:
#include <pthread.h>

void* test_func(void* data)
{
  return data;
}

int main(void)
{
  pthread_t thread;
  pthread_create(&thread, NULL, test_func, NULL);
  pthread_detach(thread);
  pthread_cancel(thread);
  pthread_join(thread, NULL);
  pthread_atfork(NULL, NULL, NULL);
  pthread_exit(NULL);

  return 0;
}

Determining if the function pthread_create exists in the pthreads failed with the following output:
Change Dir: /home/abel/Escritorio/Dining/Dijkstra/build/CMakeFiles/CMakeTmp

Run Build Command(s):/usr/bin/make cmTC_54a11/fast && /usr/bin/make  -f CMakeFiles/cmTC_54a11.dir/build.make CMakeFiles/cmTC_54a11.dir/build
make[1]: se entra en el directorio '/home/abel/Escritorio/Dining/Dijkstra/build/CMakeFiles/CMakeTmp'
Building C object CMakeFiles/cmTC_54a11.dir/CheckFunctionExists.c.o
/usr/bin/cc   -DCHECK_FUNCTION_EXISTS=pthread_create   -o CMakeFiles/cmTC_54a11.dir/CheckFunctionExists.c.o   -c /snap/cmake/372/share/cmake-3.17/Modules/CheckFunctionExists.c
Linking C executable cmTC_54a11
/snap/cmake/372/bin/cmake -E cmake_link_script CMakeFiles/cmTC_54a11.dir/link.txt --verbose=1
/usr/bin/cc  -DCHECK_FUNCTION_EXISTS=pthread_create    CMakeFiles/cmTC_54a11.dir/CheckFunctionExists.c.o  -o cmTC_54a11  -lpthreads 
/usr/bin/ld: no se puede encontrar -lpthreads
collect2: error: ld returned 1 exit status
make[1]: *** [CMakeFiles/cmTC_54a11.dir/build.make:107: cmTC_54a11] Error 1
make[1]: se sale del directorio '/home/abel/Escritorio/Dining/Dijkstra/build/CMakeFiles/CMakeTmp'
make: *** [Makefile:141: cmTC_54a11/fast] Error 2



